<?xml version="1.0" encoding="UTF-8"?>
<testsuite xmlns:xsi="http://www.w3.org/2001/XMLSchema-instance" xsi:noNamespaceSchemaLocation="https://maven.apache.org/surefire/maven-surefire-plugin/xsd/surefire-test-report-3.0.xsd" version="3.0" name="com.anze.OSSTest" time="5.747" tests="1" errors="0" skipped="0" failures="0">
  <properties>
[...]
</properties>
  <testcase name="test" classname="com.anze.OSSTest" time="0.543">
    <system-out><![CDATA[14:48:03.061 [main] DEBUG org.springframework.test.context.BootstrapUtils - Instantiating CacheAwareContextLoaderDelegate from class [org.springframework.test.context.cache.DefaultCacheAwareContextLoaderDelegate]
14:48:03.071 [main] DEBUG org.springframework.test.context.BootstrapUtils - Instantiating BootstrapContext using constructor [public org.springframework.test.context.support.DefaultBootstrapContext(java.lang.Class,org.springframework.test.context.CacheAwareContextLoaderDelegate)]
14:48:03.107 [main] DEBUG org.springframework.test.context.BootstrapUtils - Instantiating TestContextBootstrapper for test class [com.anze.OSSTest] from class [org.springframework.boot.test.context.SpringBootTestContextBootstrapper]
14:48:03.118 [main] INFO org.springframework.boot.test.context.SpringBootTestContextBootstrapper - Neither @ContextConfiguration nor @ContextHierarchy found for test class [com.anze.OSSTest], using SpringBootContextLoader
14:48:03.123 [main] DEBUG org.springframework.test.context.support.AbstractContextLoader - Did not detect default resource location for test class [com.anze.OSSTest]: class path resource [com/anze/OSSTest-context.xml] does not exist
14:48:03.123 [main] DEBUG org.springframework.test.context.support.AbstractContextLoader - Did not detect default resource location for test class [com.anze.OSSTest]: class path resource [com/anze/OSSTestContext.groovy] does not exist
14:48:03.123 [main] INFO org.springframework.test.context.support.AbstractContextLoader - Could not detect default resource locations for test class [com.anze.OSSTest]: no resource found for suffixes {-context.xml, Context.groovy}.
14:48:03.124 [main] INFO org.springframework.test.context.support.AnnotationConfigContextLoaderUtils - Could not detect default configuration classes for test class [com.anze.OSSTest]: OSSTest does not declare any static, non-private, non-final, nested classes annotated with @Configuration.
14:48:03.185 [main] DEBUG org.springframework.test.context.support.ActiveProfilesUtils - Could not find an 'annotation declaring class' for annotation type [org.springframework.test.context.ActiveProfiles] and class [com.anze.OSSTest]
14:48:03.258 [main] DEBUG org.springframework.context.annotation.ClassPathScanningCandidateComponentProvider - Identified candidate component class: file [D:\AnzeBlog\AnzeBlog\Anze-blog\target\classes\com\anze\AnzeBlogApplication.class]
14:48:03.259 [main] INFO org.springframework.boot.test.context.SpringBootTestContextBootstrapper - Found @SpringBootConfiguration com.anze.AnzeBlogApplication for test class com.anze.OSSTest
14:48:03.362 [main] DEBUG org.springframework.boot.test.context.SpringBootTestContextBootstrapper - @TestExecutionListeners is not present for class [com.anze.OSSTest]: using defaults.
14:48:03.363 [main] INFO org.springframework.boot.test.context.SpringBootTestContextBootstrapper - Loaded default TestExecutionListener class names from location [META-INF/spring.factories]: [org.springframework.boot.test.mock.mockito.MockitoTestExecutionListener, org.springframework.boot.test.mock.mockito.ResetMocksTestExecutionListener, org.springframework.boot.test.autoconfigure.restdocs.RestDocsTestExecutionListener, org.springframework.boot.test.autoconfigure.web.client.MockRestServiceServerResetTestExecutionListener, org.springframework.boot.test.autoconfigure.web.servlet.MockMvcPrintOnlyOnFailureTestExecutionListener, org.springframework.boot.test.autoconfigure.web.servlet.WebDriverTestExecutionListener, org.springframework.boot.test.autoconfigure.webservices.client.MockWebServiceServerTestExecutionListener, org.springframework.test.context.web.ServletTestExecutionListener, org.springframework.test.context.support.DirtiesContextBeforeModesTestExecutionListener, org.springframework.test.context.event.ApplicationEventsTestExecutionListener, org.springframework.test.context.support.DependencyInjectionTestExecutionListener, org.springframework.test.context.support.DirtiesContextTestExecutionListener, org.springframework.test.context.transaction.TransactionalTestExecutionListener, org.springframework.test.context.jdbc.SqlScriptsTestExecutionListener, org.springframework.test.context.event.EventPublishingTestExecutionListener]
14:48:03.380 [main] INFO org.springframework.boot.test.context.SpringBootTestContextBootstrapper - Using TestExecutionListeners: [org.springframework.test.context.web.ServletTestExecutionListener@17aad511, org.springframework.test.context.support.DirtiesContextBeforeModesTestExecutionListener@487db668, org.springframework.test.context.event.ApplicationEventsTestExecutionListener@46944ca9, org.springframework.boot.test.mock.mockito.MockitoTestExecutionListener@22bac7bc, org.springframework.boot.test.autoconfigure.SpringBootDependencyInjectionTestExecutionListener@63798ca7, org.springframework.test.context.support.DirtiesContextTestExecutionListener@4612b856, org.springframework.test.context.transaction.TransactionalTestExecutionListener@22875539, org.springframework.test.context.jdbc.SqlScriptsTestExecutionListener@5674e1f2, org.springframework.test.context.event.EventPublishingTestExecutionListener@79c7532f, org.springframework.boot.test.mock.mockito.ResetMocksTestExecutionListener@2a448449, org.springframework.boot.test.autoconfigure.restdocs.RestDocsTestExecutionListener@32f232a5, org.springframework.boot.test.autoconfigure.web.client.MockRestServiceServerResetTestExecutionListener@43f82e78, org.springframework.boot.test.autoconfigure.web.servlet.MockMvcPrintOnlyOnFailureTestExecutionListener@e54303, org.springframework.boot.test.autoconfigure.web.servlet.WebDriverTestExecutionListener@e8df99a, org.springframework.boot.test.autoconfigure.webservices.client.MockWebServiceServerTestExecutionListener@2dc995f4]
14:48:03.384 [main] DEBUG org.springframework.test.context.support.AbstractDirtiesContextTestExecutionListener - Before test class: context [DefaultTestContext@28ec166e testClass = OSSTest, testInstance = [null], testMethod = [null], testException = [null], mergedContextConfiguration = [WebMergedContextConfiguration@2eee3069 testClass = OSSTest, locations = '{}', classes = '{class com.anze.AnzeBlogApplication}', contextInitializerClasses = '[]', activeProfiles = '{}', propertySourceLocations = '{}', propertySourceProperties = '{org.springframework.boot.test.context.SpringBootTestContextBootstrapper=true}', contextCustomizers = set[org.springframework.boot.test.context.filter.ExcludeFilterContextCustomizer@6c284af, org.springframework.boot.test.json.DuplicateJsonObjectContextCustomizerFactory$DuplicateJsonObjectContextCustomizer@31ea9581, org.springframework.boot.test.mock.mockito.MockitoContextCustomizer@0, org.springframework.boot.test.web.client.TestRestTemplateContextCustomizer@43df23d3, org.springframework.boot.test.autoconfigure.actuate.metrics.MetricsExportContextCustomizerFactory$DisableMetricExportContextCustomizer@35841320, org.springframework.boot.test.autoconfigure.properties.PropertyMappingContextCustomizer@0, org.springframework.boot.test.autoconfigure.web.servlet.WebDriverContextCustomizerFactory$Customizer@4007f65e, org.springframework.boot.test.context.SpringBootTestArgs@1, org.springframework.boot.test.context.SpringBootTestWebEnvironment@12405818], resourceBasePath = 'src/main/webapp', contextLoader = 'org.springframework.boot.test.context.SpringBootContextLoader', parent = [null]], attributes = map['org.springframework.test.context.web.ServletTestExecutionListener.activateListener' -> true]], class annotated with @DirtiesContext [false] with mode [null].

  .   ____          _            __ _ _
 /\\ / ___'_ __ _ _(_)_ __  __ _ \ \ \ \
( ( )\___ | '_ | '_| | '_ \/ _` | \ \ \ \
 \\/  ___)| |_)| | | | | || (_| |  ) ) ) )
  '  |____| .__|_| |_|_| |_\__, | / / / /
 =========|_|==============|___/=/_/_/_/
 :: Spring Boot ::               (v2.6.11)

2023-05-14 14:48:03.809  INFO 18196 --- [           main] com.anze.OSSTest                         : Starting OSSTest using Java 17.0.2 on LAPTOP-QAMB2AE5 with PID 18196 (started by admin in D:\AnzeBlog\AnzeBlog\Anze-blog)
2023-05-14 14:48:03.810  INFO 18196 --- [           main] com.anze.OSSTest                         : No active profile set, falling back to 1 default profile: "default"
2023-05-14 14:48:04.663  INFO 18196 --- [           main] .s.d.r.c.RepositoryConfigurationDelegate : Multiple Spring Data modules found, entering strict repository configuration mode
2023-05-14 14:48:04.668  INFO 18196 --- [           main] .s.d.r.c.RepositoryConfigurationDelegate : Bootstrapping Spring Data Redis repositories in DEFAULT mode.
2023-05-14 14:48:04.705  INFO 18196 --- [           main] .s.d.r.c.RepositoryConfigurationDelegate : Finished Spring Data repository scanning in 18 ms. Found 0 Redis repository interfaces.
Logging initialized using 'class org.apache.ibatis.logging.stdout.StdOutImpl' adapter.
Registered plugin: 'com.baomidou.mybatisplus.extension.plugins.MybatisPlusInterceptor@72b2c5ed'
Property 'mapperLocations' was not specified.
 _ _   |_  _ _|_. ___ _ |    _ 
| | |\/|_)(_| | |_\  |_)||_|_\ 
     /               |         
                        3.5.2 
2023-05-14 14:48:08.025  INFO 18196 --- [           main] o.s.s.web.DefaultSecurityFilterChain     : Will secure any request with [org.springframework.security.web.context.request.async.WebAsyncManagerIntegrationFilter@4e4bfd9c, org.springframework.security.web.context.SecurityContextPersistenceFilter@6edb1e9c, org.springframework.security.web.header.HeaderWriterFilter@4af0c50, org.springframework.web.filter.CorsFilter@43ee1cf7, com.anze.filter.JwtAuthenticationTokenFilter@24954e82, org.springframework.security.web.savedrequest.RequestCacheAwareFilter@56e8a8a0, org.springframework.security.web.servletapi.SecurityContextHolderAwareRequestFilter@1fba3fd6, org.springframework.security.web.authentication.AnonymousAuthenticationFilter@5b1f5fcc, org.springframework.security.web.session.SessionManagementFilter@6dd2e453, org.springframework.security.web.access.ExceptionTranslationFilter@69ab2d6a, org.springframework.security.web.access.intercept.FilterSecurityInterceptor@32428874]
2023-05-14 14:48:08.164  INFO 18196 --- [           main] com.anze.OSSTest                         : Started OSSTest in 4.734 seconds (JVM running for 5.814)
111
]]></system-out>
  </testcase>
</testsuite>